cd $CN	/Last login: Tue Jan  5 13:15:04 on ttys000
Mo	MacBook-Pro-de-Juste:CityNetwork Juste$ cd /Users/Juste/Documents/ComplexSystems/CityNetwork/Models/
.DS_Store     Biblio/       Doc/          Governance/   Morphology/   NetLogo/      OpenMole/     Reproduction/ Scaling/      Schelling/    Simple/       Synthetic/    UrbanGrowth/  Utils/
MacBook-Pro-de-Juste:CityNetwork Juste$ cd /Users/Juste/Documents/ComplexSystems/CityNetwork/Models/OpenMole/
.DS_Store             .gitignore            Grid/                 RemoteGrid/           Test/                 TestOpenFiles/        oml_grid_example.png  workspace/            
MacBook-Pro-de-Juste:CityNetwork Juste$ cd /Users/Juste/Documents/ComplexSystems/CityNetwork/Models/OpenMole/TestOpenFiles/
MacBook-Pro-de-Juste:TestOpenFiles Juste$ ls
bugnetlogo	bugnetlogo.tgz	model		model.tgz
MacBook-Pro-de-Juste:TestOpenFiles Juste$ 
MacBook-Pro-de-Juste:TestOpenFiles Juste$ cd bugnetlogo
MacBook-Pro-de-Juste:bugnetlogo Juste$ ls
build.sbt	lib		src
MacBook-Pro-de-Juste:bugnetlogo Juste$ sbt
Java HotSpot(TM) 64-Bit Server VM warning: ignoring option MaxPermSize=384m; support was removed in 8.0
[info] Set current project to bugnetlogo (in build file:/Users/Juste/Documents/ComplexSystems/CityNetwork/Models/OpenMole/TestOpenFiles/bugnetlogo/)
> run
[info] Updating {file:/Users/Juste/Documents/ComplexSystems/CityNetwork/Models/OpenMole/TestOpenFiles/bugnetlogo/}bugnetlogo...
[info] Resolving org.fusesource.jansi#jansi;1.4 ...
[info] downloading https://repo1.maven.org/maven2/org/scala-lang/scala-library/2.9.3/scala-library-2.9.3.jar ...
[info] 	[SUCCESSFUL ] org.scala-lang#scala-library;2.9.3!scala-library.jar (3541ms)
[info] downloading https://repo1.maven.org/maven2/org/scala-lang/scala-compiler/2.9.3/scala-compiler-2.9.3.jar ...
[info] 	[SUCCESSFUL ] org.scala-lang#scala-compiler;2.9.3!scala-compiler.jar (4308ms)
[info] downloading https://repo1.maven.org/maven2/org/scala-lang/jline/2.9.3/jline-2.9.3.jar ...
[info] 	[SUCCESSFUL ] org.scala-lang#jline;2.9.3!jline.jar (200ms)
[info] Done updating.
[info] Compiling 1 Scala source to /Users/Juste/Documents/ComplexSystems/CityNetwork/Models/OpenMole/TestOpenFiles/bugnetlogo/target/scala-2.9.3/classes...
[error] error while loading AnnotatedElement, class file '/Library/Java/JavaVirtualMachines/jdk1.8.0_20.jdk/Contents/Home/jre/lib/rt.jar(java/lang/reflect/AnnotatedElement.class)' is broken
[error] (bad constant pool tag 18 at byte 76)
[error] error while loading CharSequence, class file '/Library/Java/JavaVirtualMachines/jdk1.8.0_20.jdk/Contents/Home/jre/lib/rt.jar(java/lang/CharSequence.class)' is broken
[error] (bad constant pool tag 18 at byte 10)
[error] two errors found
[error] (compile:compile) Compilation failed
[error] Total time: 21 s, completed 5 janv. 2016 15:08:36
> exit
MacBook-Pro-de-Juste:bugnetlogo Juste$ 
MacBook-Pro-de-Juste:bugnetlogo Juste$ man sbt
No manual entry for sbt
MacBook-Pro-de-Juste:bugnetlogo Juste$ which java
/usr/bin/java
MacBook-Pro-de-Juste:bugnetlogo Juste$ 
MacBook-Pro-de-Juste:bugnetlogo Juste$ readlink /usr/bin/java
/System/Library/Frameworks/JavaVM.framework/Versions/Current/Commands/java
MacBook-Pro-de-Juste:bugnetlogo Juste$ sbt
Java HotSpot(TM) 64-Bit Server VM warning: ignoring option MaxPermSize=384m; support was removed in 8.0
[info] Set current project to bugnetlogo (in build file:/Users/Juste/Documents/ComplexSystems/CityNetwork/Models/OpenMole/TestOpenFiles/bugnetlogo/)
> exit
MacBook-Pro-de-Juste:bugnetlogo Juste$ sbt run
Java HotSpot(TM) 64-Bit Server VM warning: ignoring option MaxPermSize=384m; support was removed in 8.0
[info] Set current project to bugnetlogo (in build file:/Users/Juste/Documents/ComplexSystems/CityNetwork/Models/OpenMole/TestOpenFiles/bugnetlogo/)
[info] Compiling 1 Scala source to /Users/Juste/Documents/ComplexSystems/CityNetwork/Models/OpenMole/TestOpenFiles/bugnetlogo/target/scala-2.9.3/classes...
[error] 'jvm-1.7' is not a valid choice for '-target'
[error] bad option: '-target:jvm-1.7'
[error] (compile:compile) Compilation failed
[error] Total time: 6 s, completed 5 janv. 2016 15:12:21
MacBook-Pro-de-Juste:bugnetlogo Juste$ 
MacBook-Pro-de-Juste:bugnetlogo Juste$ sbt -help
Java HotSpot(TM) 64-Bit Server VM warning: ignoring option MaxPermSize=384m; support was removed in 8.0
[info] Set current project to bugnetlogo (in build file:/Users/Juste/Documents/ComplexSystems/CityNetwork/Models/OpenMole/TestOpenFiles/bugnetlogo/)
[warn] The `-` command is deprecated in favor of `onFailure` and will be removed in 0.14.0
MacBook-Pro-de-Juste:bugnetlogo Juste$ 
MacBook-Pro-de-Juste:bugnetlogo Juste$ which sbr
MacBook-Pro-de-Juste:bugnetlogo Juste$ which sbt
/opt/local/bin/sbt
MacBook-Pro-de-Juste:bugnetlogo Juste$ cat `which sbt`
#!/bin/sh
#
# Copyright (c) 2010 Jon Buffington. All rights reserved.
#
# Licensed under the Apache License, Version 2.0 (the "License");
# you may not use this file except in compliance with the License.
# You may obtain a copy of the License at
#
#     http://www.apache.org/licenses/LICENSE-2.0
#
# Unless required by applicable law or agreed to in writing, software
# distributed under the License is distributed on an "AS IS" BASIS,
# WITHOUT WARRANTIES OR CONDITIONS OF ANY KIND, either express or implied.
# See the License for the specific language governing permissions and
# limitations under the License.

# Is the location of the SBT launcher JAR file.
LAUNCHJAR="/opt/local/share/sbt/sbt-launch.jar"

# Customization: this may define JAVA_OPTS.
SBTCONF=$HOME/.sbtconfig
if [ -f "$SBTCONF" ]; then
    . $SBTCONF
fi
if [ -z "$JAVA_OPTS" ]; then
    # Ensure enough heap space is created for sbt.  These settings are
    # the default settings from Typesafe's sbt wrapper.
    JAVA_OPTS="-XX:+CMSClassUnloadingEnabled -Xms1536m -Xmx1536m -XX:MaxPermSize=384m -XX:ReservedCodeCacheSize=192m -Dfile.encoding=UTF8"
fi

# Assume java is already in the shell path.
exec java $JAVA_OPTS -jar "$LAUNCHJAR" "$@"
MacBook-Pro-de-Juste:bugnetlogo Juste$ echo $JAVA_HOME

MacBook-Pro-de-Juste:bugnetlogo Juste$ 
MacBook-Pro-de-Juste:bugnetlogo Juste$ 
MacBook-Pro-de-Juste:bugnetlogo Juste$ readlink /usr/bin/
Display all 1054 possibilities? (y or n)
MacBook-Pro-de-Juste:bugnetlogo Juste$ readlink /usr/bin/java
/System/Library/Frameworks/JavaVM.framework/Versions/Current/Commands/java
MacBook-Pro-de-Juste:bugnetlogo Juste$ ls /System/Library/Frameworks/JavaVM.framework/Versions
1.4		1.4.2		1.5		1.5.0		1.6		1.6.0		A		Current		CurrentJDK
MacBook-Pro-de-Juste:bugnetlogo Juste$ which java
/usr/bin/java
MacBook-Pro-de-Juste:bugnetlogo Juste$ ls /System/Library/Frameworks/JavaVM.framework/Versions
1.4		1.4.2		1.5		1.5.0		1.6		1.6.0		A		Current		CurrentJDK
MacBook-Pro-de-Juste:bugnetlogo Juste$ vim `which sbt`
MacBook-Pro-de-Juste:bugnetlogo Juste$ sudo vim `which sbt`
Password:
MacBook-Pro-de-Juste:bugnetlogo Juste$ 
MacBook-Pro-de-Juste:bugnetlogo Juste$ 
MacBook-Pro-de-Juste:bugnetlogo Juste$ sbt run
[info] Set current project to bugnetlogo (in build file:/Users/Juste/Documents/ComplexSystems/CityNetwork/Models/OpenMole/TestOpenFiles/bugnetlogo/)
[info] Compiling 1 Scala source to /Users/Juste/Documents/ComplexSystems/CityNetwork/Models/OpenMole/TestOpenFiles/bugnetlogo/target/scala-2.9.3/classes...
[error] 'jvm-1.7' is not a valid choice for '-target'
[error] bad option: '-target:jvm-1.7'
[error] (compile:compile) Compilation failed
[error] Total time: 4 s, completed 5 janv. 2016 15:27:28
MacBook-Pro-de-Juste:bugnetlogo Juste$ sbt run
[info] Set current project to bugnetlogo (in build file:/Users/Juste/Documents/ComplexSystems/CityNetwork/Models/OpenMole/TestOpenFiles/bugnetlogo/)
[info] Compiling 1 Scala source to /Users/Juste/Documents/ComplexSystems/CityNetwork/Models/OpenMole/TestOpenFiles/bugnetlogo/target/scala-2.9.3/classes...
[info] Running Test 
[error] (run-main-0) java.lang.ArrayIndexOutOfBoundsException: 0
java.lang.ArrayIndexOutOfBoundsException: 0
	at Test$delayedInit$body.apply(Test.scala:6)
	at scala.Function0$class.apply$mcV$sp(Function0.scala:34)
	at scala.runtime.AbstractFunction0.apply$mcV$sp(AbstractFunction0.scala:12)
	at scala.App$$anonfun$main$1.apply(App.scala:60)
	at scala.App$$anonfun$main$1.apply(App.scala:60)
	at scala.collection.LinearSeqOptimized$class.foreach(LinearSeqOptimized.scala:59)
	at scala.collection.immutable.List.foreach(List.scala:76)
	at scala.collection.generic.TraversableForwarder$class.foreach(TraversableForwarder.scala:30)
	at scala.App$class.main(App.scala:60)
	at Test$.main(Test.scala:4)
	at Test.main(Test.scala)
	at sun.reflect.NativeMethodAccessorImpl.invoke0(Native Method)
	at sun.reflect.NativeMethodAccessorImpl.invoke(NativeMethodAccessorImpl.java:57)
	at sun.reflect.DelegatingMethodAccessorImpl.invoke(DelegatingMethodAccessorImpl.java:43)
	at java.lang.reflect.Method.invoke(Method.java:606)
[trace] Stack trace suppressed: run last compile:run for the full output.
``


^Z
[1]+  Stopped                 sbt run
MacBook-Pro-de-Juste:bugnetlogo Juste$ 
MacBook-Pro-de-Juste:bugnetlogo Juste$ ls
build.sbt	lib		project		src		target
MacBook-Pro-de-Juste:bugnetlogo Juste$ 
MacBook-Pro-de-Juste:bugnetlogo Juste$ 
MacBook-Pro-de-Juste:bugnetlogo Juste$ sbt run assets/model/model.nlogo
[info] Set current project to bugnetlogo (in build file:/Users/Juste/Documents/ComplexSystems/CityNetwork/Models/OpenMole/TestOpenFiles/bugnetlogo/)
[info] Running Test 
[error] (run-main-0) java.lang.ArrayIndexOutOfBoundsException: 0
java.lang.ArrayIndexOutOfBoundsException: 0
	at Test$delayedInit$body.apply(Test.scala:6)
	at scala.Function0$class.apply$mcV$sp(Function0.scala:34)
	at scala.runtime.AbstractFunction0.apply$mcV$sp(AbstractFunction0.scala:12)
	at scala.App$$anonfun$main$1.apply(App.scala:60)
	at scala.App$$anonfun$main$1.apply(App.scala:60)
	at scala.collection.LinearSeqOptimized$class.foreach(LinearSeqOptimized.scala:59)
	at scala.collection.immutable.List.foreach(List.scala:76)
	at scala.collection.generic.TraversableForwarder$class.foreach(TraversableForwarder.scala:30)
	at scala.App$class.main(App.scala:60)
	at Test$.main(Test.scala:4)
	at Test.main(Test.scala)
	at sun.reflect.NativeMethodAccessorImpl.invoke0(Native Method)
	at sun.reflect.NativeMethodAccessorImpl.invoke(NativeMethodAccessorImpl.java:57)
	at sun.reflect.DelegatingMethodAccessorImpl.invoke(DelegatingMethodAccessorImpl.java:43)
	at java.lang.reflect.Method.invoke(Method.java:606)
[trace] Stack trace suppressed: run last compile:run for the full output.
^Z
[2]+  Stopped                 sbt run assets/model/model.nlogo
MacBook-Pro-de-Juste:bugnetlogo Juste$ sbt "run assets/model/model.nlogo"
[info] Set current project to bugnetlogo (in build file:/Users/Juste/Documents/ComplexSystems/CityNetwork/Models/OpenMole/TestOpenFiles/bugnetlogo/)
[info] Running Test assets/model/model.nlogo
[error] (run-main-0) java.lang.NoClassDefFoundError: org/objectweb/asm/MethodVisitor
java.lang.NoClassDefFoundError: org/objectweb/asm/MethodVisitor
	at org.nlogo.generator.Generator.org$nlogo$generator$Generator$$recurse(Generator.scala:28)
	at org.nlogo.generator.Generator$$anonfun$generate$1.apply(Generator.scala:24)
	at org.nlogo.generator.Generator$$anonfun$generate$1.apply(Generator.scala:24)
	at scala.collection.TraversableLike$$anonfun$map$1.apply(TraversableLike.scala:233)
	at scala.collection.TraversableLike$$anonfun$map$1.apply(TraversableLike.scala:233)
	at scala.collection.IndexedSeqOptimized$class.foreach(IndexedSeqOptimized.scala:34)
	at scala.collection.mutable.ArrayOps.foreach(ArrayOps.scala:38)
	at scala.collection.TraversableLike$class.map(TraversableLike.scala:233)
	at scala.collection.mutable.ArrayOps.map(ArrayOps.scala:38)
	at org.nlogo.generator.Generator.generate(Generator.scala:24)
	at org.nlogo.compiler.CompilerMain$$anonfun$compile$3.apply(CompilerMain.scala:59)
	at org.nlogo.compiler.CompilerMain$$anonfun$compile$3.apply(CompilerMain.scala:50)
	at scala.collection.mutable.ResizableArray$class.foreach(ResizableArray.scala:60)
	at scala.collection.mutable.ArrayBuffer.foreach(ArrayBuffer.scala:47)
	at org.nlogo.compiler.CompilerMain$.compile(CompilerMain.scala:50)
	at org.nlogo.compiler.Compiler$.compileProgram(Compiler.scala:28)
	at org.nlogo.headless.HeadlessModelOpener.openFromMap(HeadlessModelOpener.scala:53)
	at org.nlogo.headless.HeadlessWorkspace.openString(HeadlessWorkspace.scala:531)
	at org.nlogo.headless.HeadlessWorkspace.open(HeadlessWorkspace.scala:513)
	at Test$delayedInit$body.apply(Test.scala:6)
	at scala.Function0$class.apply$mcV$sp(Function0.scala:34)
	at scala.runtime.AbstractFunction0.apply$mcV$sp(AbstractFunction0.scala:12)
	at scala.App$$anonfun$main$1.apply(App.scala:60)
	at scala.App$$anonfun$main$1.apply(App.scala:60)
	at scala.collection.LinearSeqOptimized$class.foreach(LinearSeqOptimized.scala:59)
	at scala.collection.immutable.List.foreach(List.scala:76)
	at scala.collection.generic.TraversableForwarder$class.foreach(TraversableForwarder.scala:30)
	at scala.App$class.main(App.scala:60)
	at Test$.main(Test.scala:4)
	at Test.main(Test.scala)
	at sun.reflect.NativeMethodAccessorImpl.invoke0(Native Method)
	at sun.reflect.NativeMethodAccessorImpl.invoke(NativeMethodAccessorImpl.java:57)
	at sun.reflect.DelegatingMethodAccessorImpl.invoke(DelegatingMethodAccessorImpl.java:43)
	at java.lang.reflect.Method.invoke(Method.java:606)
Caused by: java.lang.ClassNotFoundException: org.objectweb.asm.MethodVisitor
	at java.net.URLClassLoader$1.run(URLClassLoader.java:366)
	at java.net.URLClassLoader$1.run(URLClassLoader.java:355)
	at java.security.AccessController.doPrivileged(Native Method)
	at java.net.URLClassLoader.findClass(URLClassLoader.java:354)
	at java.lang.ClassLoader.loadClass(ClassLoader.java:425)
	at java.lang.ClassLoader.loadClass(ClassLoader.java:358)
	at org.nlogo.generator.Generator.org$nlogo$generator$Generator$$recurse(Generator.scala:28)
	at org.nlogo.generator.Generator$$anonfun$generate$1.apply(Generator.scala:24)
	at org.nlogo.generator.Generator$$anonfun$generate$1.apply(Generator.scala:24)
	at scala.collection.TraversableLike$$anonfun$map$1.apply(TraversableLike.scala:233)
	at scala.collection.TraversableLike$$anonfun$map$1.apply(TraversableLike.scala:233)
	at scala.collection.IndexedSeqOptimized$class.foreach(IndexedSeqOptimized.scala:34)
	at scala.collection.mutable.ArrayOps.foreach(ArrayOps.scala:38)
	at scala.collection.TraversableLike$class.map(TraversableLike.scala:233)
	at scala.collection.mutable.ArrayOps.map(ArrayOps.scala:38)
	at org.nlogo.generator.Generator.generate(Generator.scala:24)
	at org.nlogo.compiler.CompilerMain$$anonfun$compile$3.apply(CompilerMain.scala:59)
	at org.nlogo.compiler.CompilerMain$$anonfun$compile$3.apply(CompilerMain.scala:50)
	at scala.collection.mutable.ResizableArray$class.foreach(ResizableArray.scala:60)
	at scala.collection.mutable.ArrayBuffer.foreach(ArrayBuffer.scala:47)
	at org.nlogo.compiler.CompilerMain$.compile(CompilerMain.scala:50)
	at org.nlogo.compiler.Compiler$.compileProgram(Compiler.scala:28)
	at org.nlogo.headless.HeadlessModelOpener.openFromMap(HeadlessModelOpener.scala:53)
	at org.nlogo.headless.HeadlessWorkspace.openString(HeadlessWorkspace.scala:531)
	at org.nlogo.headless.HeadlessWorkspace.open(HeadlessWorkspace.scala:513)
	at Test$delayedInit$body.apply(Test.scala:6)
	at scala.Function0$class.apply$mcV$sp(Function0.scala:34)
	at scala.runtime.AbstractFunction0.apply$mcV$sp(AbstractFunction0.scala:12)
	at scala.App$$anonfun$main$1.apply(App.scala:60)
	at scala.App$$anonfun$main$1.apply(App.scala:60)
	at scala.collection.LinearSeqOptimized$class.foreach(LinearSeqOptimized.scala:59)
	at scala.collection.immutable.List.foreach(List.scala:76)
	at scala.collection.generic.TraversableForwarder$class.foreach(TraversableForwarder.scala:30)
	at scala.App$class.main(App.scala:60)
	at Test$.main(Test.scala:4)
	at Test.main(Test.scala)
	at sun.reflect.NativeMethodAccessorImpl.invoke0(Native Method)
	at sun.reflect.NativeMethodAccessorImpl.invoke(NativeMethodAccessorImpl.java:57)
	at sun.reflect.DelegatingMethodAccessorImpl.invoke(DelegatingMethodAccessorImpl.java:43)
	at java.lang.reflect.Method.invoke(Method.java:606)
[trace] Stack trace suppressed: run last compile:run for the full output.
^Z
[3]+  Stopped                 sbt "run assets/model/model.nlogo"
MacBook-Pro-de-Juste:bugnetlogo Juste$ sbt "run assets/model/empty.nlogo"
[info] Set current project to bugnetlogo (in build file:/Users/Juste/Documents/ComplexSystems/CityNetwork/Models/OpenMole/TestOpenFiles/bugnetlogo/)
[info] Running Test assets/model/empty.nlogo
[error] (run-main-0) java.lang.NoClassDefFoundError: org/objectweb/asm/MethodVisitor
java.lang.NoClassDefFoundError: org/objectweb/asm/MethodVisitor
	at org.nlogo.generator.Generator.org$nlogo$generator$Generator$$recurse(Generator.scala:28)
	at org.nlogo.generator.Generator$$anonfun$org$nlogo$generator$Generator$$recurse$1.apply(Generator.scala:30)
	at org.nlogo.generator.Generator$$anonfun$org$nlogo$generator$Generator$$recurse$1.apply(Generator.scala:30)
	at scala.collection.TraversableLike$$anonfun$map$1.apply(TraversableLike.scala:233)
	at scala.collection.TraversableLike$$anonfun$map$1.apply(TraversableLike.scala:233)
	at scala.collection.IndexedSeqOptimized$class.foreach(IndexedSeqOptimized.scala:34)
	at scala.collection.mutable.ArrayOps.foreach(ArrayOps.scala:38)
	at scala.collection.TraversableLike$class.map(TraversableLike.scala:233)
	at scala.collection.mutable.ArrayOps.map(ArrayOps.scala:38)
	at org.nlogo.generator.Generator.org$nlogo$generator$Generator$$recurse(Generator.scala:30)
	at org.nlogo.generator.Generator$$anonfun$generate$1.apply(Generator.scala:24)
	at org.nlogo.generator.Generator$$anonfun$generate$1.apply(Generator.scala:24)
	at scala.collection.TraversableLike$$anonfun$map$1.apply(TraversableLike.scala:233)
	at scala.collection.TraversableLike$$anonfun$map$1.apply(TraversableLike.scala:233)
	at scala.collection.IndexedSeqOptimized$class.foreach(IndexedSeqOptimized.scala:34)
	at scala.collection.mutable.ArrayOps.foreach(ArrayOps.scala:38)
	at scala.collection.TraversableLike$class.map(TraversableLike.scala:233)
	at scala.collection.mutable.ArrayOps.map(ArrayOps.scala:38)
	at org.nlogo.generator.Generator.generate(Generator.scala:24)
	at org.nlogo.compiler.CompilerMain$$anonfun$compile$3.apply(CompilerMain.scala:59)
	at org.nlogo.compiler.CompilerMain$$anonfun$compile$3.apply(CompilerMain.scala:50)
	at scala.collection.mutable.ResizableArray$class.foreach(ResizableArray.scala:60)
	at scala.collection.mutable.ArrayBuffer.foreach(ArrayBuffer.scala:47)
	at org.nlogo.compiler.CompilerMain$.compile(CompilerMain.scala:50)
	at org.nlogo.compiler.Compiler$.compileProgram(Compiler.scala:28)
	at org.nlogo.headless.HeadlessModelOpener.openFromMap(HeadlessModelOpener.scala:53)
	at org.nlogo.headless.HeadlessWorkspace.openString(HeadlessWorkspace.scala:531)
	at org.nlogo.headless.HeadlessWorkspace.open(HeadlessWorkspace.scala:513)
	at Test$delayedInit$body.apply(Test.scala:6)
	at scala.Function0$class.apply$mcV$sp(Function0.scala:34)
	at scala.runtime.AbstractFunction0.apply$mcV$sp(AbstractFunction0.scala:12)
	at scala.App$$anonfun$main$1.apply(App.scala:60)
	at scala.App$$anonfun$main$1.apply(App.scala:60)
	at scala.collection.LinearSeqOptimized$class.foreach(LinearSeqOptimized.scala:59)
	at scala.collection.immutable.List.foreach(List.scala:76)
	at scala.collection.generic.TraversableForwarder$class.foreach(TraversableForwarder.scala:30)
	at scala.App$class.main(App.scala:60)
	at Test$.main(Test.scala:4)
	at Test.main(Test.scala)
	at sun.reflect.NativeMethodAccessorImpl.invoke0(Native Method)
	at sun.reflect.NativeMethodAccessorImpl.invoke(NativeMethodAccessorImpl.java:57)
	at sun.reflect.DelegatingMethodAccessorImpl.invoke(DelegatingMethodAccessorImpl.java:43)
	at java.lang.reflect.Method.invoke(Method.java:606)
Caused by: java.lang.ClassNotFoundException: org.objectweb.asm.MethodVisitor
	at java.net.URLClassLoader$1.run(URLClassLoader.java:366)
	at java.net.URLClassLoader$1.run(URLClassLoader.java:355)
	at java.security.AccessController.doPrivileged(Native Method)
	at java.net.URLClassLoader.findClass(URLClassLoader.java:354)
	at java.lang.ClassLoader.loadClass(ClassLoader.java:425)
	at java.lang.ClassLoader.loadClass(ClassLoader.java:358)
	at org.nlogo.generator.Generator.org$nlogo$generator$Generator$$recurse(Generator.scala:28)
	at org.nlogo.generator.Generator$$anonfun$org$nlogo$generator$Generator$$recurse$1.apply(Generator.scala:30)
	at org.nlogo.generator.Generator$$anonfun$org$nlogo$generator$Generator$$recurse$1.apply(Generator.scala:30)
	at scala.collection.TraversableLike$$anonfun$map$1.apply(TraversableLike.scala:233)
	at scala.collection.TraversableLike$$anonfun$map$1.apply(TraversableLike.scala:233)
	at scala.collection.IndexedSeqOptimized$class.foreach(IndexedSeqOptimized.scala:34)
	at scala.collection.mutable.ArrayOps.foreach(ArrayOps.scala:38)
	at scala.collection.TraversableLike$class.map(TraversableLike.scala:233)
	at scala.collection.mutable.ArrayOps.map(ArrayOps.scala:38)
	at org.nlogo.generator.Generator.org$nlogo$generator$Generator$$recurse(Generator.scala:30)
	at org.nlogo.generator.Generator$$anonfun$generate$1.apply(Generator.scala:24)
	at org.nlogo.generator.Generator$$anonfun$generate$1.apply(Generator.scala:24)
	at scala.collection.TraversableLike$$anonfun$map$1.apply(TraversableLike.scala:233)
	at scala.collection.TraversableLike$$anonfun$map$1.apply(TraversableLike.scala:233)
	at scala.collection.IndexedSeqOptimized$class.foreach(IndexedSeqOptimized.scala:34)
	at scala.collection.mutable.ArrayOps.foreach(ArrayOps.scala:38)
	at scala.collection.TraversableLike$class.map(TraversableLike.scala:233)
	at scala.collection.mutable.ArrayOps.map(ArrayOps.scala:38)
	at org.nlogo.generator.Generator.generate(Generator.scala:24)
	at org.nlogo.compiler.CompilerMain$$anonfun$compile$3.apply(CompilerMain.scala:59)
	at org.nlogo.compiler.CompilerMain$$anonfun$compile$3.apply(CompilerMain.scala:50)
	at scala.collection.mutable.ResizableArray$class.foreach(ResizableArray.scala:60)
	at scala.collection.mutable.ArrayBuffer.foreach(ArrayBuffer.scala:47)
	at org.nlogo.compiler.CompilerMain$.compile(CompilerMain.scala:50)
	at org.nlogo.compiler.Compiler$.compileProgram(Compiler.scala:28)
	at org.nlogo.headless.HeadlessModelOpener.openFromMap(HeadlessModelOpener.scala:53)
	at org.nlogo.headless.HeadlessWorkspace.openString(HeadlessWorkspace.scala:531)
	at org.nlogo.headless.HeadlessWorkspace.open(HeadlessWorkspace.scala:513)
	at Test$delayedInit$body.apply(Test.scala:6)
	at scala.Function0$class.apply$mcV$sp(Function0.scala:34)
	at scala.runtime.AbstractFunction0.apply$mcV$sp(AbstractFunction0.scala:12)
	at scala.App$$anonfun$main$1.apply(App.scala:60)
	at scala.App$$anonfun$main$1.apply(App.scala:60)
	at scala.collection.LinearSeqOptimized$class.foreach(LinearSeqOptimized.scala:59)
	at scala.collection.immutable.List.foreach(List.scala:76)
	at scala.collection.generic.TraversableForwarder$class.foreach(TraversableForwarder.scala:30)
	at scala.App$class.main(App.scala:60)
	at Test$.main(Test.scala:4)
	at Test.main(Test.scala)
	at sun.reflect.NativeMethodAccessorImpl.invoke0(Native Method)
	at sun.reflect.NativeMethodAccessorImpl.invoke(NativeMethodAccessorImpl.java:57)
	at sun.reflect.DelegatingMethodAccessorImpl.invoke(DelegatingMethodAccessorImpl.java:43)
	at java.lang.reflect.Method.invoke(Method.java:606)
[trace] Stack trace suppressed: run last compile:run for the full output.
^Z
[4]+  Stopped                 sbt "run assets/model/empty.nlogo"
MacBook-Pro-de-Juste:bugnetlogo Juste$ sbt "run assets/model/"
[info] Set current project to bugnetlogo (in build file:/Users/Juste/Documents/ComplexSystems/CityNetwork/Models/OpenMole/TestOpenFiles/bugnetlogo/)
[info] Running Test assets/model/
[error] (run-main-0) java.io.FileNotFoundException: assets/model (Is a directory)
java.io.FileNotFoundException: assets/model (Is a directory)
	at java.io.FileInputStream.open(Native Method)
	at java.io.FileInputStream.<init>(FileInputStream.java:146)
	at java.io.FileInputStream.<init>(FileInputStream.java:101)
	at java.io.FileReader.<init>(FileReader.java:58)
	at org.nlogo.api.FileIO$.file2String(FileIO.scala:10)
	at org.nlogo.headless.HeadlessWorkspace.open(HeadlessWorkspace.scala:512)
	at Test$delayedInit$body.apply(Test.scala:6)
	at scala.Function0$class.apply$mcV$sp(Function0.scala:34)
	at scala.runtime.AbstractFunction0.apply$mcV$sp(AbstractFunction0.scala:12)
	at scala.App$$anonfun$main$1.apply(App.scala:60)
	at scala.App$$anonfun$main$1.apply(App.scala:60)
	at scala.collection.LinearSeqOptimized$class.foreach(LinearSeqOptimized.scala:59)
	at scala.collection.immutable.List.foreach(List.scala:76)
	at scala.collection.generic.TraversableForwarder$class.foreach(TraversableForwarder.scala:30)
	at scala.App$class.main(App.scala:60)
	at Test$.main(Test.scala:4)
	at Test.main(Test.scala)
	at sun.reflect.NativeMethodAccessorImpl.invoke0(Native Method)
	at sun.reflect.NativeMethodAccessorImpl.invoke(NativeMethodAccessorImpl.java:57)
	at sun.reflect.DelegatingMethodAccessorImpl.invoke(DelegatingMethodAccessorImpl.java:43)
	at java.lang.reflect.Method.invoke(Method.java:606)
[trace] Stack trace suppressed: run last compile:run for the full output.
^Z
[5]+  Stopped                 sbt "run assets/model/"
MacBook-Pro-de-Juste:bugnetlogo Juste$ sbt "run assets/model/empty.nlogo"
