# JRE version: Java(TM) SE Runtime Environment (8.0_20-b26) (build 1.8.0_20-b26)
# Java VM: Java HotSpot(TM) 64-Bit Server VM (25.20-b23 mixed mode bsd-amd64 compressed oops)
Heap:
 PSYoungGen      total 18944K, used 9113K [0x00000007aab00000, 0x00000007ad000000, 0x00000007c0000000)
  eden space 16384K, 50% used [0x00000007aab00000,0x00000007ab306758,0x00000007abb00000)
  from space 2560K, 35% used [0x00000007abb00000,0x00000007abbe0000,0x00000007abd80000)
  to   space 2560K, 0% used [0x00000007acd80000,0x00000007acd80000,0x00000007ad000000)
 ParOldGen       total 44032K, used 33025K [0x0000000780000000, 0x0000000782b00000, 0x00000007aab00000)
  object space 44032K, 75% used [0x0000000780000000,0x00000007820405b8,0x0000000782b00000)
 Metaspace       used 5728K, capacity 6744K, committed 7040K, reserved 1056768K
  class space    used 783K, capacity 840K, committed 896K, reserved 1048576K
GC Heap History (6 events):
Event: 0.530 GC heap before
{Heap before GC invocations=1 (full 0):
 PSYoungGen      total 18944K, used 16384K [0x00000007aab00000, 0x00000007ac000000, 0x00000007c0000000)
  eden space 16384K, 100% used [0x00000007aab00000,0x00000007abb00000,0x00000007abb00000)
  from space 2560K, 0% used [0x00000007abd80000,0x00000007abd80000,0x00000007ac000000)
  to   space 2560K, 0% used [0x00000007abb00000,0x00000007abb00000,0x00000007abd80000)
 ParOldGen       total 44032K, used 8192K [0x0000000780000000, 0x0000000782b00000, 0x00000007aab00000)
  object space 44032K, 18% used [0x0000000780000000,0x0000000780800010,0x0000000782b00000)
 Metaspace       used 5561K, capacity 6648K, committed 6784K, reserved 1056768K
  class space    used 765K, capacity 808K, committed 896K, reserved 1048576K
Event: 0.533 GC heap after
Heap after GC invocations=1 (full 0):
 PSYoungGen      total 18944K, used 2551K [0x00000007aab00000, 0x00000007ac000000, 0x00000007c0000000)
  eden space 16384K, 0% used [0x00000007aab00000,0x00000007aab00000,0x00000007abb00000)
  from space 2560K, 99% used [0x00000007abb00000,0x00000007abd7dda8,0x00000007abd80000)
  to   space 2560K, 0% used [0x00000007abd80000,0x00000007abd80000,0x00000007ac000000)
 ParOldGen       total 44032K, used 8433K [0x0000000780000000, 0x0000000782b00000, 0x00000007aab00000)
  object space 44032K, 19% used [0x0000000780000000,0x000000078083c5a0,0x0000000782b00000)
 Metaspace       used 5561K, capacity 6648K, committed 6784K, reserved 1056768K
  class space    used 765K, capacity 808K, committed 896K, reserved 1048576K
}
Event: 0.581 GC heap before
{Heap before GC invocations=2 (full 0):
 PSYoungGen      total 18944K, used 18935K [0x00000007aab00000, 0x00000007ac000000, 0x00000007c0000000)
  eden space 16384K, 100% used [0x00000007aab00000,0x00000007abb00000,0x00000007abb00000)
  from space 2560K, 99% used [0x00000007abb00000,0x00000007abd7dda8,0x00000007abd80000)
  to   space 2560K, 0% used [0x00000007abd80000,0x00000007abd80000,0x00000007ac000000)
 ParOldGen       total 44032K, used 8433K [0x0000000780000000, 0x0000000782b00000, 0x00000007aab00000)
  object space 44032K, 19% used [0x0000000780000000,0x000000078083c5a0,0x0000000782b00000)
 Metaspace       used 5576K, capacity 6648K, committed 6784K, reserved 1056768K
  class space    used 766K, capacity 808K, committed 896K, reserved 1048576K
Event: 0.587 GC heap after
Heap after GC invocations=2 (full 0):
 PSYoungGen      total 18944K, used 912K [0x00000007aab00000, 0x00000007ad000000, 0x00000007c0000000)
  eden space 16384K, 0% used [0x00000007aab00000,0x00000007aab00000,0x00000007abb00000)
  from space 2560K, 35% used [0x00000007abd80000,0x00000007abe64010,0x00000007ac000000)
  to   space 2560K, 0% used [0x00000007abb00000,0x00000007abb00000,0x00000007abd80000)
 ParOldGen       total 44032K, used 16633K [0x0000000780000000, 0x0000000782b00000, 0x00000007aab00000)
  object space 44032K, 37% used [0x0000000780000000,0x000000078103e5b0,0x0000000782b00000)
 Metaspace       used 5576K, capacity 6648K, committed 6784K, reserved 1056768K
  class space    used 766K, capacity 808K, committed 896K, reserved 1048576K
}
Event: 0.624 GC heap before
{Heap before GC invocations=3 (full 0):
 PSYoungGen      total 18944K, used 17296K [0x00000007aab00000, 0x00000007ad000000, 0x00000007c0000000)
  eden space 16384K, 100% used [0x00000007aab00000,0x00000007abb00000,0x00000007abb00000)
  from space 2560K, 35% used [0x00000007abd80000,0x00000007abe64010,0x00000007ac000000)
  to   space 2560K, 0% used [0x00000007abb00000,0x00000007abb00000,0x00000007abd80000)
 ParOldGen       total 44032K, used 16633K [0x0000000780000000, 0x0000000782b00000, 0x00000007aab00000)
  object space 44032K, 37% used [0x0000000780000000,0x000000078103e5b0,0x0000000782b00000)
 Metaspace       used 5576K, capacity 6648K, committed 6784K, reserved 1056768K
  class space    used 766K, capacity 808K, committed 896K, reserved 1048576K
Event: 0.625 GC heap after
Heap after GC invocations=3 (full 0):
 PSYoungGen      total 18944K, used 896K [0x00000007aab00000, 0x00000007ad000000, 0x00000007c0000000)
  eden space 16384K, 0% used [0x00000007aab00000,0x00000007aab00000,0x00000007abb00000)
  from space 2560K, 35% used [0x00000007abb00000,0x00000007abbe0000,0x00000007abd80000)
  to   space 2560K, 0% used [0x00000007acd80000,0x00000007acd80000,0x00000007ad000000)
 ParOldGen       total 44032K, used 16641K [0x0000000780000000, 0x0000000782b00000, 0x00000007aab00000)
  object space 44032K, 37% used [0x0000000780000000,0x00000007810405b0,0x0000000782b00000)
 Metaspace       used 5576K, capacity 6648K, committed 6784K, reserved 1056768K
  class space    used 766K, capacity 808K, committed 896K, reserved 1048576K
}

